This file contains any messages produced by compilers while
running configure, to aid debugging if configure makes a mistake.

It was created by qdp-lapack configure 1.0.0, which was
generated by GNU Autoconf 2.67.  Invocation command line was

  $ /home/fwinter/git/chroma/other_libs/qdp-lapack/configure --disable-option-checking --prefix=/home/fwinter/toolchain/install/chroma-quda-accel-generic-devel-scalar-single --with-qdp=/home/fwinter/toolchain/install/qdp++-quda-accel-generic-devel-scalar-single --with-cuda=/opt/cuda4 --with-quda-0-3=/home/fwinter/git/quda CXX=g++ CXXFLAGS=-O3 --cache-file=/dev/null --srcdir=/home/fwinter/git/chroma/other_libs/qdp-lapack

## --------- ##
## Platform. ##
## --------- ##

hostname = fw
uname -m = x86_64
uname -r = 2.6.35-31-generic
uname -s = Linux
uname -v = #63-Ubuntu SMP Mon Nov 28 19:29:10 UTC 2011

/usr/bin/uname -p = unknown
/bin/uname -X     = unknown

/bin/arch              = unknown
/usr/bin/arch -k       = unknown
/usr/convex/getsysinfo = unknown
/usr/bin/hostinfo      = unknown
/bin/machine           = unknown
/usr/bin/oslevel       = unknown
/bin/universe          = unknown

PATH: /home/fwinter/toolchain/ildg/lroot/bin
PATH: /home/fwinter/bin
PATH: /usr/local/sbin
PATH: /usr/local/bin
PATH: /usr/sbin
PATH: /usr/bin
PATH: /sbin
PATH: /bin
PATH: /usr/games
PATH: /home/fwinter/toolchain/install/openmpi-1.5/bin
PATH: /usr/local/cuda/bin


## ----------- ##
## Core tests. ##
## ----------- ##

configure:1953: Configuring qdp-lapack
configure:2004: checking for gcc
configure:2020: found /usr/bin/gcc
configure:2031: result: gcc
configure:2260: checking for C compiler version
configure:2269: gcc --version >&5
gcc (Ubuntu/Linaro 4.4.4-14ubuntu5) 4.4.5
Copyright (C) 2010 Free Software Foundation, Inc.
This is free software; see the source for copying conditions.  There is NO
warranty; not even for MERCHANTABILITY or FITNESS FOR A PARTICULAR PURPOSE.

configure:2280: $? = 0
configure:2269: gcc -v >&5
Using built-in specs.
Target: x86_64-linux-gnu
Configured with: ../src/configure -v --with-pkgversion='Ubuntu/Linaro 4.4.4-14ubuntu5' --with-bugurl=file:///usr/share/doc/gcc-4.4/README.Bugs --enable-languages=c,c++,fortran,objc,obj-c++ --prefix=/usr --program-suffix=-4.4 --enable-shared --enable-multiarch --enable-linker-build-id --with-system-zlib --libexecdir=/usr/lib --without-included-gettext --enable-threads=posix --with-gxx-include-dir=/usr/include/c++/4.4 --libdir=/usr/lib --enable-nls --with-sysroot=/ --enable-clocale=gnu --enable-libstdcxx-debug --enable-objc-gc --disable-werror --with-arch-32=i686 --with-tune=generic --enable-checking=release --build=x86_64-linux-gnu --host=x86_64-linux-gnu --target=x86_64-linux-gnu
Thread model: posix
gcc version 4.4.5 (Ubuntu/Linaro 4.4.4-14ubuntu5) 
configure:2280: $? = 0
configure:2269: gcc -V >&5
gcc: '-V' option must have argument
configure:2280: $? = 1
configure:2269: gcc -qversion >&5
gcc: unrecognized option '-qversion'
gcc: no input files
configure:2280: $? = 1
configure:2300: checking whether the C compiler works
configure:2322: gcc    conftest.c  >&5
configure:2326: $? = 0
configure:2374: result: yes
configure:2377: checking for C compiler default output file name
configure:2379: result: a.out
configure:2385: checking for suffix of executables
configure:2392: gcc -o conftest    conftest.c  >&5
configure:2396: $? = 0
configure:2418: result: 
configure:2440: checking whether we are cross compiling
configure:2448: gcc -o conftest    conftest.c  >&5
configure:2452: $? = 0
configure:2459: ./conftest
configure:2463: $? = 0
configure:2478: result: no
configure:2483: checking for suffix of object files
configure:2505: gcc -c   conftest.c >&5
configure:2509: $? = 0
configure:2530: result: o
configure:2534: checking whether we are using the GNU C compiler
configure:2553: gcc -c   conftest.c >&5
configure:2553: $? = 0
configure:2562: result: yes
configure:2571: checking whether gcc accepts -g
configure:2591: gcc -c -g  conftest.c >&5
configure:2591: $? = 0
configure:2632: result: yes
configure:2649: checking for gcc option to accept ISO C89
configure:2713: gcc  -c -g -O2  conftest.c >&5
configure:2713: $? = 0
configure:2726: result: none needed
configure:2858: checking for C++ compiler version
configure:2867: g++ --version >&5
g++ (Ubuntu/Linaro 4.4.4-14ubuntu5) 4.4.5
Copyright (C) 2010 Free Software Foundation, Inc.
This is free software; see the source for copying conditions.  There is NO
warranty; not even for MERCHANTABILITY or FITNESS FOR A PARTICULAR PURPOSE.

configure:2878: $? = 0
configure:2867: g++ -v >&5
Using built-in specs.
Target: x86_64-linux-gnu
Configured with: ../src/configure -v --with-pkgversion='Ubuntu/Linaro 4.4.4-14ubuntu5' --with-bugurl=file:///usr/share/doc/gcc-4.4/README.Bugs --enable-languages=c,c++,fortran,objc,obj-c++ --prefix=/usr --program-suffix=-4.4 --enable-shared --enable-multiarch --enable-linker-build-id --with-system-zlib --libexecdir=/usr/lib --without-included-gettext --enable-threads=posix --with-gxx-include-dir=/usr/include/c++/4.4 --libdir=/usr/lib --enable-nls --with-sysroot=/ --enable-clocale=gnu --enable-libstdcxx-debug --enable-objc-gc --disable-werror --with-arch-32=i686 --with-tune=generic --enable-checking=release --build=x86_64-linux-gnu --host=x86_64-linux-gnu --target=x86_64-linux-gnu
Thread model: posix
gcc version 4.4.5 (Ubuntu/Linaro 4.4.4-14ubuntu5) 
configure:2878: $? = 0
configure:2867: g++ -V >&5
g++: '-V' option must have argument
configure:2878: $? = 1
configure:2867: g++ -qversion >&5
g++: unrecognized option '-qversion'
g++: no input files
configure:2878: $? = 1
configure:2882: checking whether we are using the GNU C++ compiler
configure:2901: g++ -c -O3  conftest.cpp >&5
configure:2901: $? = 0
configure:2910: result: yes
configure:2919: checking whether g++ accepts -g
configure:2939: g++ -c -g  conftest.cpp >&5
configure:2939: $? = 0
configure:2980: result: yes
configure:3046: checking for ranlib
configure:3062: found /usr/bin/ranlib
configure:3073: result: ranlib
configure:3148: checking for g77
configure:3178: result: no
configure:3148: checking for xlf
configure:3178: result: no
configure:3148: checking for f77
configure:3178: result: no
configure:3148: checking for frt
configure:3178: result: no
configure:3148: checking for pgf77
configure:3178: result: no
configure:3148: checking for cf77
configure:3178: result: no
configure:3148: checking for fort77
configure:3178: result: no
configure:3148: checking for fl32
configure:3178: result: no
configure:3148: checking for af77
configure:3178: result: no
configure:3148: checking for xlf90
configure:3178: result: no
configure:3148: checking for f90
configure:3178: result: no
configure:3148: checking for pgf90
configure:3178: result: no
configure:3148: checking for pghpf
configure:3178: result: no
configure:3148: checking for epcf90
configure:3178: result: no
configure:3148: checking for gfortran
configure:3178: result: no
configure:3148: checking for g95
configure:3178: result: no
configure:3148: checking for xlf95
configure:3178: result: no
configure:3148: checking for f95
configure:3178: result: no
configure:3148: checking for fort
configure:3178: result: no
configure:3148: checking for ifort
configure:3178: result: no
configure:3148: checking for ifc
configure:3178: result: no
configure:3148: checking for efc
configure:3178: result: no
configure:3148: checking for pgfortran
configure:3178: result: no
configure:3148: checking for pgf95
configure:3178: result: no
configure:3148: checking for lf95
configure:3178: result: no
configure:3148: checking for ftn
configure:3178: result: no
configure:3201: checking for Fortran 77 compiler version
configure:3210:  --version >&5
/home/fwinter/git/chroma/other_libs/qdp-lapack/configure: line 3212: --version: command not found
configure:3221: $? = 127
configure:3210:  -v >&5
/home/fwinter/git/chroma/other_libs/qdp-lapack/configure: line 3212: -v: command not found
configure:3221: $? = 127
configure:3210:  -V >&5
/home/fwinter/git/chroma/other_libs/qdp-lapack/configure: line 3212: -V: command not found
configure:3221: $? = 127
configure:3210:  -qversion >&5
/home/fwinter/git/chroma/other_libs/qdp-lapack/configure: line 3212: -qversion: command not found
configure:3221: $? = 127
configure:3230: checking whether we are using the GNU Fortran 77 compiler
configure:3243:  -c  conftest.F >&5
/home/fwinter/git/chroma/other_libs/qdp-lapack/configure: line 1502: -c: command not found
configure:3243: $? = 127
configure: failed program was:
|       program main
| #ifndef __GNUC__
|        choke me
| #endif
| 
|       end
configure:3252: result: no
configure:3258: checking whether  accepts -g
configure:3269:  -c -g conftest.f >&5
/home/fwinter/git/chroma/other_libs/qdp-lapack/configure: line 1502: -c: command not found
configure:3269: $? = 127
configure: failed program was:
|       program main
| 
|       end
configure:3277: result: no
configure:3323: checking for a BSD-compatible install
configure:3391: result: /usr/bin/install -c
configure:3402: checking whether build environment is sane
configure:3452: result: yes
configure:3593: checking for a thread-safe mkdir -p
configure:3632: result: /bin/mkdir -p
configure:3645: checking for gawk
configure:3675: result: no
configure:3645: checking for mawk
configure:3661: found /usr/bin/mawk
configure:3672: result: mawk
configure:3683: checking whether make sets $(MAKE)
configure:3705: result: yes
configure:3735: checking for style of include used by make
configure:3763: result: GNU
configure:3848: checking dependency style of gcc
configure:3958: result: gcc3
configure:3975: checking dependency style of g++
configure:4085: result: gcc3
configure:4132:  Checking for QMP 
configure:4138: checking for qmp-config
configure:4171: result: no
configure:4303: WARNING: QMP configuration program qmp-config not found.
configure:4305: Building scalar version
configure:4309: WARNING: If parallel version is needed set environment variables
                QMP_CFLAGS (with a -DUSE_QMP) QMP_LDFAGS QMP_LIBS
                before configure
configure:4371: checking for qdp++-config
configure:4390: found /home/fwinter/toolchain/install/qdp++-quda-accel-generic-devel-scalar-single/bin/qdp++-config
configure:4402: result: /home/fwinter/toolchain/install/qdp++-quda-accel-generic-devel-scalar-single/bin/qdp++-config
configure:4416: Found QDP++ configuration program /home/fwinter/toolchain/install/qdp++-quda-accel-generic-devel-scalar-single/bin/qdp++-config
configure:4420: QDP++ compiler: g++
configure:4424: QDP++ compile flags: -O3 -I/home/fwinter/toolchain/install/qdp++-quda-accel-generic-devel-scalar-single/include -I/usr/include/libxml2
configure:4428: QDP++ linking flags: -L/home/fwinter/toolchain/install/qdp++-quda-accel-generic-devel-scalar-single/lib -L/opt/cuda4/lib64
configure:4432: QDP++ libraries flags: -lqdp -lXPathReader -lxmlWriter -lqio -lqmem -llime -lxml2 -lcudart -lfiledb -lfilehash
configure:4439: QDP++ spacetime dimension: 4
configure:4444: QDP++ number of colors: 3
configure:4451: QDP++ number of spin components: 4
configure:4457: QDP++ parallel arch: scalar
configure:4462: QDP++ precision: single
configure:4465: checking if we can compile/link a simple QDP++ program
configure:4512: g++ -o conftest -O3 -O3 -I/home/fwinter/toolchain/install/qdp++-quda-accel-generic-devel-scalar-single/include -I/usr/include/libxml2   -L/home/fwinter/toolchain/install/qdp++-quda-accel-generic-devel-scalar-single/lib -L/opt/cuda4/lib64 conftest.cpp  -lqdp -lXPathReader -lxmlWriter -lqio -lqmem -llime -lxml2 -lcudart -lfiledb -lfilehash >&5
In file included from conftest.cpp:12:
/home/fwinter/toolchain/install/qdp++-quda-accel-generic-devel-scalar-single/include/qdp.h:177: warning: #warning "Using scalar architecture MAP"
In file included from conftest.cpp:12:
/home/fwinter/toolchain/install/qdp++-quda-accel-generic-devel-scalar-single/include/qdp.h:207: warning: #warning "Using scalar GPU architecture"
/home/fwinter/toolchain/install/qdp++-quda-accel-generic-devel-scalar-single/lib/libqdp.a(qdp_random.o): In function `T.3141':
qdp_random.cc:(.text+0xe7b): warning: the use of `mktemp' is dangerous, better use `mkstemp' or `mkdtemp'
configure:4512: $? = 0
configure:4540: result: yes
configure:4560: Configuring to use dummy stubs. If you want a real binding, use the --enable-lapack option
configure:4723: creating ./config.status

## ---------------------- ##
## Running config.status. ##
## ---------------------- ##

This file was extended by qdp-lapack config.status 1.0.0, which was
generated by GNU Autoconf 2.67.  Invocation command line was

  CONFIG_FILES    = 
  CONFIG_HEADERS  = 
  CONFIG_LINKS    = 
  CONFIG_COMMANDS = 
  $ ./config.status 

on fw

config.status:874: creating Makefile
config.status:874: creating include/Makefile
config.status:874: creating lib/Makefile
config.status:874: creating include/qdp-lapack_config_internal.h
config.status:1087: executing depfiles commands

## ---------------- ##
## Cache variables. ##
## ---------------- ##

ac_cv_c_compiler_gnu=yes
ac_cv_cxx_compiler_gnu=yes
ac_cv_env_CCC_set=
ac_cv_env_CCC_value=
ac_cv_env_CC_set=
ac_cv_env_CC_value=
ac_cv_env_CFLAGS_set=
ac_cv_env_CFLAGS_value=
ac_cv_env_CPPFLAGS_set=
ac_cv_env_CPPFLAGS_value=
ac_cv_env_CXXFLAGS_set=set
ac_cv_env_CXXFLAGS_value=-O3
ac_cv_env_CXX_set=set
ac_cv_env_CXX_value=g++
ac_cv_env_F77_set=
ac_cv_env_F77_value=
ac_cv_env_FFLAGS_set=
ac_cv_env_FFLAGS_value=
ac_cv_env_LDFLAGS_set=
ac_cv_env_LDFLAGS_value=
ac_cv_env_LIBS_set=
ac_cv_env_LIBS_value=
ac_cv_env_build_alias_set=
ac_cv_env_build_alias_value=
ac_cv_env_host_alias_set=
ac_cv_env_host_alias_value=
ac_cv_env_target_alias_set=
ac_cv_env_target_alias_value=
ac_cv_f77_compiler_gnu=no
ac_cv_objext=o
ac_cv_path_QDPXX_CONFIG=/home/fwinter/toolchain/install/qdp++-quda-accel-generic-devel-scalar-single/bin/qdp++-config
ac_cv_path_install='/usr/bin/install -c'
ac_cv_path_mkdir=/bin/mkdir
ac_cv_prog_AWK=mawk
ac_cv_prog_ac_ct_CC=gcc
ac_cv_prog_ac_ct_RANLIB=ranlib
ac_cv_prog_cc_c89=
ac_cv_prog_cc_g=yes
ac_cv_prog_cxx_g=yes
ac_cv_prog_f77_g=no
ac_cv_prog_make_make_set=yes
am_cv_CC_dependencies_compiler_type=gcc3
am_cv_CXX_dependencies_compiler_type=gcc3

## ----------------- ##
## Output variables. ##
## ----------------- ##

ACLOCAL='${SHELL} /home/fwinter/git/chroma/other_libs/qdp-lapack/config/missing --run aclocal-1.11'
AMDEPBACKSLASH='\'
AMDEP_FALSE='#'
AMDEP_TRUE=''
AMTAR='${SHELL} /home/fwinter/git/chroma/other_libs/qdp-lapack/config/missing --run tar'
AUTOCONF='${SHELL} /home/fwinter/git/chroma/other_libs/qdp-lapack/config/missing --run autoconf'
AUTOHEADER='${SHELL} /home/fwinter/git/chroma/other_libs/qdp-lapack/config/missing --run autoheader'
AUTOMAKE='${SHELL} /home/fwinter/git/chroma/other_libs/qdp-lapack/config/missing --run automake-1.11'
AWK='mawk'
BUILD_DUMMY_LAPACK_FALSE='#'
BUILD_DUMMY_LAPACK_TRUE=''
BUILD_FORTRAN_LAPACK_FALSE=''
BUILD_FORTRAN_LAPACK_TRUE='#'
CC='gcc'
CCDEPMODE='depmode=gcc3'
CFLAGS='-g -O2'
CPPFLAGS=''
CXX='g++'
CXXDEPMODE='depmode=gcc3'
CXXFLAGS='-O3'
CYGPATH_W='echo'
DEFS='-DHAVE_CONFIG_H'
DEPDIR='.deps'
ECHO_C=''
ECHO_N='-n'
ECHO_T=''
EXEEXT=''
F77=''
FFLAGS=''
INSTALL_DATA='${INSTALL} -m 644'
INSTALL_PROGRAM='${INSTALL}'
INSTALL_SCRIPT='${INSTALL}'
INSTALL_STRIP_PROGRAM='$(install_sh) -c -s'
LDFLAGS=''
LIBOBJS=''
LIBS=''
LTLIBOBJS=''
MAKEINFO='${SHELL} /home/fwinter/git/chroma/other_libs/qdp-lapack/config/missing --run makeinfo'
MKDIR_P='/bin/mkdir -p'
OBJEXT='o'
PACKAGE='qdp-lapack'
PACKAGE_BUGREPORT='kostas@jlab.org'
PACKAGE_NAME='qdp-lapack'
PACKAGE_STRING='qdp-lapack 1.0.0'
PACKAGE_TARNAME='qdp-lapack'
PACKAGE_URL=''
PACKAGE_VERSION='1.0.0'
PATH_SEPARATOR=':'
QDPXX_CONFIG='/home/fwinter/toolchain/install/qdp++-quda-accel-generic-devel-scalar-single/bin/qdp++-config'
QDPXX_CXXFLAGS='-O3 -I/home/fwinter/toolchain/install/qdp++-quda-accel-generic-devel-scalar-single/include -I/usr/include/libxml2'
QDPXX_LDFLAGS='-L/home/fwinter/toolchain/install/qdp++-quda-accel-generic-devel-scalar-single/lib -L/opt/cuda4/lib64'
QDPXX_LIBS='-lqdp -lXPathReader -lxmlWriter -lqio -lqmem -llime -lxml2 -lcudart -lfiledb -lfilehash'
QDPXX_NC='3'
QDPXX_ND='4'
QDPXX_NS='4'
QDPXX_PARALLEL_ARCH='scalar'
QDPXX_PRECISION='single'
QMP_CFLAGS=''
QMP_CONFIG=''
QMP_HOME=''
QMP_LDFLAGS=''
QMP_LIBS=''
RANLIB='ranlib'
SET_MAKE=''
SHELL='/bin/bash'
STRIP=''
VERSION='1.0.0'
ac_ct_CC='gcc'
ac_ct_CXX=''
ac_ct_F77=''
am__EXEEXT_FALSE=''
am__EXEEXT_TRUE='#'
am__fastdepCC_FALSE='#'
am__fastdepCC_TRUE=''
am__fastdepCXX_FALSE='#'
am__fastdepCXX_TRUE=''
am__include='include'
am__isrc=' -I$(srcdir)'
am__leading_dot='.'
am__quote=''
am__tar='${AMTAR} chof - "$$tardir"'
am__untar='${AMTAR} xf -'
bindir='${exec_prefix}/bin'
build_alias=''
datadir='${datarootdir}'
datarootdir='${prefix}/share'
docdir='${datarootdir}/doc/${PACKAGE_TARNAME}'
dvidir='${docdir}'
exec_prefix='${prefix}'
host_alias=''
htmldir='${docdir}'
includedir='${prefix}/include'
infodir='${datarootdir}/info'
install_sh='${SHELL} /home/fwinter/git/chroma/other_libs/qdp-lapack/config/install-sh'
libdir='${exec_prefix}/lib'
libexecdir='${exec_prefix}/libexec'
localedir='${datarootdir}/locale'
localstatedir='${prefix}/var'
mandir='${datarootdir}/man'
mkdir_p='/bin/mkdir -p'
oldincludedir='/usr/include'
pdfdir='${docdir}'
prefix='/home/fwinter/toolchain/install/chroma-quda-accel-generic-devel-scalar-single'
program_transform_name='s,x,x,'
psdir='${docdir}'
sbindir='${exec_prefix}/sbin'
sharedstatedir='${prefix}/com'
sysconfdir='${prefix}/etc'
target_alias=''

## ----------- ##
## confdefs.h. ##
## ----------- ##

/* confdefs.h */
#define PACKAGE_NAME "qdp-lapack"
#define PACKAGE_TARNAME "qdp-lapack"
#define PACKAGE_VERSION "1.0.0"
#define PACKAGE_STRING "qdp-lapack 1.0.0"
#define PACKAGE_BUGREPORT "kostas@jlab.org"
#define PACKAGE_URL ""
#define PACKAGE "qdp-lapack"
#define VERSION "1.0.0"
#define DUMMY_LAPACK_BINDING /**/

configure: exit 0
