This file contains any messages produced by compilers while
running configure, to aid debugging if configure makes a mistake.

It was created by chroma configure 3.40.0, which was
generated by GNU Autoconf 2.67.  Invocation command line was

  $ /home/fwinter/git/chroma/configure --prefix=/home/fwinter/toolchain/install/chroma-quda-accel-generic-devel-scalar-single --with-qdp=/home/fwinter/toolchain/install/qdp++-quda-accel-generic-devel-scalar-single --with-cuda=/opt/cuda4 --with-quda-0-3=/home/fwinter/git/quda CXX=g++ CXXFLAGS=-O3

## --------- ##
## Platform. ##
## --------- ##

hostname = fw
uname -m = x86_64
uname -r = 2.6.35-31-generic
uname -s = Linux
uname -v = #63-Ubuntu SMP Mon Nov 28 19:29:10 UTC 2011

/usr/bin/uname -p = unknown
/bin/uname -X     = unknown

/bin/arch              = unknown
/usr/bin/arch -k       = unknown
/usr/convex/getsysinfo = unknown
/usr/bin/hostinfo      = unknown
/bin/machine           = unknown
/usr/bin/oslevel       = unknown
/bin/universe          = unknown

PATH: /home/fwinter/toolchain/ildg/lroot/bin
PATH: /home/fwinter/bin
PATH: /usr/local/sbin
PATH: /usr/local/bin
PATH: /usr/sbin
PATH: /usr/bin
PATH: /sbin
PATH: /bin
PATH: /usr/games
PATH: /home/fwinter/toolchain/install/openmpi-1.5/bin
PATH: /usr/local/cuda/bin


## ----------- ##
## Core tests. ##
## ----------- ##

configure:2077: checking build system type
configure:2091: result: x86_64-unknown-linux-gnu
configure:2111: checking host system type
configure:2124: result: x86_64-unknown-linux-gnu
configure:2160: checking for a BSD-compatible install
configure:2228: result: /usr/bin/install -c
configure:2239: checking whether build environment is sane
configure:2289: result: yes
configure:2430: checking for a thread-safe mkdir -p
configure:2469: result: /bin/mkdir -p
configure:2482: checking for gawk
configure:2512: result: no
configure:2482: checking for mawk
configure:2498: found /usr/bin/mawk
configure:2509: result: mawk
configure:2520: checking whether make sets $(MAKE)
configure:2542: result: yes
configure:2740: checking for C++ compiler version
configure:2749: g++ --version >&5
g++ (Ubuntu/Linaro 4.4.4-14ubuntu5) 4.4.5
Copyright (C) 2010 Free Software Foundation, Inc.
This is free software; see the source for copying conditions.  There is NO
warranty; not even for MERCHANTABILITY or FITNESS FOR A PARTICULAR PURPOSE.

configure:2760: $? = 0
configure:2749: g++ -v >&5
Using built-in specs.
Target: x86_64-linux-gnu
Configured with: ../src/configure -v --with-pkgversion='Ubuntu/Linaro 4.4.4-14ubuntu5' --with-bugurl=file:///usr/share/doc/gcc-4.4/README.Bugs --enable-languages=c,c++,fortran,objc,obj-c++ --prefix=/usr --program-suffix=-4.4 --enable-shared --enable-multiarch --enable-linker-build-id --with-system-zlib --libexecdir=/usr/lib --without-included-gettext --enable-threads=posix --with-gxx-include-dir=/usr/include/c++/4.4 --libdir=/usr/lib --enable-nls --with-sysroot=/ --enable-clocale=gnu --enable-libstdcxx-debug --enable-objc-gc --disable-werror --with-arch-32=i686 --with-tune=generic --enable-checking=release --build=x86_64-linux-gnu --host=x86_64-linux-gnu --target=x86_64-linux-gnu
Thread model: posix
gcc version 4.4.5 (Ubuntu/Linaro 4.4.4-14ubuntu5) 
configure:2760: $? = 0
configure:2749: g++ -V >&5
g++: '-V' option must have argument
configure:2760: $? = 1
configure:2749: g++ -qversion >&5
g++: unrecognized option '-qversion'
g++: no input files
configure:2760: $? = 1
configure:2780: checking whether the C++ compiler works
configure:2802: g++ -O3   conftest.cpp  >&5
configure:2806: $? = 0
configure:2854: result: yes
configure:2857: checking for C++ compiler default output file name
configure:2859: result: a.out
configure:2865: checking for suffix of executables
configure:2872: g++ -o conftest -O3   conftest.cpp  >&5
configure:2876: $? = 0
configure:2898: result: 
configure:2920: checking whether we are cross compiling
configure:2928: g++ -o conftest -O3   conftest.cpp  >&5
configure:2932: $? = 0
configure:2939: ./conftest
configure:2943: $? = 0
configure:2958: result: no
configure:2963: checking for suffix of object files
configure:2985: g++ -c -O3  conftest.cpp >&5
configure:2989: $? = 0
configure:3010: result: o
configure:3014: checking whether we are using the GNU C++ compiler
configure:3033: g++ -c -O3  conftest.cpp >&5
configure:3033: $? = 0
configure:3042: result: yes
configure:3051: checking whether g++ accepts -g
configure:3071: g++ -c -g  conftest.cpp >&5
configure:3071: $? = 0
configure:3112: result: yes
configure:3146: checking for style of include used by make
configure:3174: result: GNU
configure:3199: checking dependency style of g++
configure:3309: result: gcc3
configure:3378: checking for gcc
configure:3394: found /usr/bin/gcc
configure:3405: result: gcc
configure:3436: checking for C compiler version
configure:3445: gcc --version >&5
gcc (Ubuntu/Linaro 4.4.4-14ubuntu5) 4.4.5
Copyright (C) 2010 Free Software Foundation, Inc.
This is free software; see the source for copying conditions.  There is NO
warranty; not even for MERCHANTABILITY or FITNESS FOR A PARTICULAR PURPOSE.

configure:3456: $? = 0
configure:3445: gcc -v >&5
Using built-in specs.
Target: x86_64-linux-gnu
Configured with: ../src/configure -v --with-pkgversion='Ubuntu/Linaro 4.4.4-14ubuntu5' --with-bugurl=file:///usr/share/doc/gcc-4.4/README.Bugs --enable-languages=c,c++,fortran,objc,obj-c++ --prefix=/usr --program-suffix=-4.4 --enable-shared --enable-multiarch --enable-linker-build-id --with-system-zlib --libexecdir=/usr/lib --without-included-gettext --enable-threads=posix --with-gxx-include-dir=/usr/include/c++/4.4 --libdir=/usr/lib --enable-nls --with-sysroot=/ --enable-clocale=gnu --enable-libstdcxx-debug --enable-objc-gc --disable-werror --with-arch-32=i686 --with-tune=generic --enable-checking=release --build=x86_64-linux-gnu --host=x86_64-linux-gnu --target=x86_64-linux-gnu
Thread model: posix
gcc version 4.4.5 (Ubuntu/Linaro 4.4.4-14ubuntu5) 
configure:3456: $? = 0
configure:3445: gcc -V >&5
gcc: '-V' option must have argument
configure:3456: $? = 1
configure:3445: gcc -qversion >&5
gcc: unrecognized option '-qversion'
gcc: no input files
configure:3456: $? = 1
configure:3460: checking whether we are using the GNU C compiler
configure:3479: gcc -c   conftest.c >&5
configure:3479: $? = 0
configure:3488: result: yes
configure:3497: checking whether gcc accepts -g
configure:3517: gcc -c -g  conftest.c >&5
configure:3517: $? = 0
configure:3558: result: yes
configure:3575: checking for gcc option to accept ISO C89
configure:3639: gcc  -c -g -O2  conftest.c >&5
configure:3639: $? = 0
configure:3652: result: none needed
configure:3674: checking dependency style of gcc
configure:3784: result: gcc3
configure:3842: checking for ranlib
configure:3858: found /usr/bin/ranlib
configure:3869: result: ranlib
configure:3938: checking for ar
configure:3954: found /usr/bin/ar
configure:3965: result: ar
configure:4210: QDPCVER_HOME variable not set.
configure:4262: checking for qdp++-config
configure:4281: found /home/fwinter/toolchain/install/qdp++-quda-accel-generic-devel-scalar-single/bin/qdp++-config
configure:4293: result: /home/fwinter/toolchain/install/qdp++-quda-accel-generic-devel-scalar-single/bin/qdp++-config
configure:4307: Found QDP++ configuration program /home/fwinter/toolchain/install/qdp++-quda-accel-generic-devel-scalar-single/bin/qdp++-config
configure:4311: QDP++ compiler: g++
configure:4315: QDP++ compile flags: -O3 -I/home/fwinter/toolchain/install/qdp++-quda-accel-generic-devel-scalar-single/include -I/usr/include/libxml2
configure:4319: QDP++ linking flags: -L/home/fwinter/toolchain/install/qdp++-quda-accel-generic-devel-scalar-single/lib -L/opt/cuda4/lib64
configure:4323: QDP++ libraries flags: -lqdp -lXPathReader -lxmlWriter -lqio -lqmem -llime -lxml2 -lcudart -lfiledb -lfilehash
configure:4330: QDP++ spacetime dimension: 4
configure:4335: QDP++ number of colors: 3
configure:4342: QDP++ number of spin components: 4
configure:4348: QDP++ parallel arch: scalar
configure:4353: QDP++ precision: single
configure:4356: checking if we can compile/link a simple QDP++ program
configure:4403: g++ -o conftest -O3 -O3 -I/home/fwinter/toolchain/install/qdp++-quda-accel-generic-devel-scalar-single/include -I/usr/include/libxml2   -L/home/fwinter/toolchain/install/qdp++-quda-accel-generic-devel-scalar-single/lib -L/opt/cuda4/lib64 conftest.cpp  -lqdp -lXPathReader -lxmlWriter -lqio -lqmem -llime -lxml2 -lcudart -lfiledb -lfilehash >&5
In file included from conftest.cpp:12:
/home/fwinter/toolchain/install/qdp++-quda-accel-generic-devel-scalar-single/include/qdp.h:177: warning: #warning "Using scalar architecture MAP"
In file included from conftest.cpp:12:
/home/fwinter/toolchain/install/qdp++-quda-accel-generic-devel-scalar-single/include/qdp.h:207: warning: #warning "Using scalar GPU architecture"
/home/fwinter/toolchain/install/qdp++-quda-accel-generic-devel-scalar-single/lib/libqdp.a(qdp_random.o): In function `T.3141':
qdp_random.cc:(.text+0xe7b): warning: the use of `mktemp' is dangerous, better use `mkstemp' or `mkdtemp'
configure:4403: $? = 0
configure:4431: result: yes
configure:4464: Not building SSE Dslash  
configure:4504: Not building CPP Dslash  
configure:4602: Not building CG DWF
configure:4655: Configuring CG-DWF for Higher Memory Mode
configure:4795: Not using BAGEL Wilson Dslash 
configure:5025: Not using BAGEL Clover 
configure:5122: Not using SSE DP Clover 
configure:5147: Will not use Lapack
configure:5174: Will not build optimized eigCG.
configure:5200: Not Configuring Asqtad level3 Inverter Wrapper
configure:5226: Not building optimized CFZ LinOp 
configure:5350: Not building GMP Remez code  
configure:5427: WARNING: Unknown value for chroma_testcase_runner. Will use trivial
configure:5435: Configuring qdp-lapack
configure:5439: Finished configuring qdp-lapack
configure:5581: checking for latex
configure:5597: found /usr/bin/latex
configure:5609: result: latex
configure:5619: checking for dvips
configure:5635: found /usr/bin/dvips
configure:5647: result: dvips
configure:5657: checking for dvipdf
configure:5673: found /usr/bin/dvipdf
configure:5685: result: dvipdf
configure:5695: checking for doxygen
configure:5723: result: true
configure:5733: checking for xmldiff
configure:5765: result: xmldiff
configure:5776: WARNING: xmldiff not found in your PATH. make xcheck may fail
configure:5839:  Using QUDA v0.3 Library in /home/fwinter/git/quda 
configure:5851:  Linking to CUDA Runtime in /opt/cuda4/lib64
configure:6115: creating ./config.status

## ---------------------- ##
## Running config.status. ##
## ---------------------- ##

This file was extended by chroma config.status 3.40.0, which was
generated by GNU Autoconf 2.67.  Invocation command line was

  CONFIG_FILES    = 
  CONFIG_HEADERS  = 
  CONFIG_LINKS    = 
  CONFIG_COMMANDS = 
  $ ./config.status 

on fw

config.status:965: creating Makefile
config.status:965: creating chroma-config
config.status:965: creating lib/Makefile
config.status:965: creating mainprogs/Makefile
config.status:965: creating mainprogs/tests/Makefile
config.status:965: creating mainprogs/main/Makefile
config.status:965: creating docs/Makefile
config.status:965: creating other_libs/Makefile
config.status:965: creating scripts/test_runners/trivial_runner.sh
config.status:965: creating scripts/test_runners/6n_mpirun_rsh_runner.sh
config.status:965: creating scripts/test_runners/7n_mpirun_rsh_runner.sh
config.status:965: creating scripts/test_runners/9q_mpirun_rsh_runner.sh
config.status:965: creating scripts/test_runners/cobalt_runner.sh
config.status:965: creating lib/chroma_config_internal.h
config.status:1178: executing depfiles commands
config.status:1178: executing RUN commands
configure:7522: === configuring in other_libs/qdp-lapack (/home/fwinter/git/quda/other_libs/qdp-lapack)
configure:7585: running /bin/bash /home/fwinter/git/chroma/other_libs/qdp-lapack/configure --disable-option-checking '--prefix=/home/fwinter/toolchain/install/chroma-quda-accel-generic-devel-scalar-single'  '--with-qdp=/home/fwinter/toolchain/install/qdp++-quda-accel-generic-devel-scalar-single' '--with-cuda=/opt/cuda4' '--with-quda-0-3=/home/fwinter/git/quda' 'CXX=g++' 'CXXFLAGS=-O3' --cache-file=/dev/null --srcdir=/home/fwinter/git/chroma/other_libs/qdp-lapack

## ---------------- ##
## Cache variables. ##
## ---------------- ##

ac_cv_build=x86_64-unknown-linux-gnu
ac_cv_c_compiler_gnu=yes
ac_cv_cxx_compiler_gnu=yes
ac_cv_env_CCC_set=
ac_cv_env_CCC_value=
ac_cv_env_CC_set=
ac_cv_env_CC_value=
ac_cv_env_CFLAGS_set=
ac_cv_env_CFLAGS_value=
ac_cv_env_CPPFLAGS_set=
ac_cv_env_CPPFLAGS_value=
ac_cv_env_CXXFLAGS_set=set
ac_cv_env_CXXFLAGS_value=-O3
ac_cv_env_CXX_set=set
ac_cv_env_CXX_value=g++
ac_cv_env_LDFLAGS_set=
ac_cv_env_LDFLAGS_value=
ac_cv_env_LIBS_set=
ac_cv_env_LIBS_value=
ac_cv_env_build_alias_set=
ac_cv_env_build_alias_value=
ac_cv_env_host_alias_set=
ac_cv_env_host_alias_value=
ac_cv_env_target_alias_set=
ac_cv_env_target_alias_value=
ac_cv_host=x86_64-unknown-linux-gnu
ac_cv_objext=o
ac_cv_path_QDPXX_CONFIG=/home/fwinter/toolchain/install/qdp++-quda-accel-generic-devel-scalar-single/bin/qdp++-config
ac_cv_path_XMLDIFF=xmldiff
ac_cv_path_install='/usr/bin/install -c'
ac_cv_path_mkdir=/bin/mkdir
ac_cv_prog_AWK=mawk
ac_cv_prog_DOXYGEN=true
ac_cv_prog_DVIPDF=dvipdf
ac_cv_prog_DVIPS=dvips
ac_cv_prog_LATEX=latex
ac_cv_prog_ac_ct_AR=ar
ac_cv_prog_ac_ct_CC=gcc
ac_cv_prog_ac_ct_RANLIB=ranlib
ac_cv_prog_cc_c89=
ac_cv_prog_cc_g=yes
ac_cv_prog_cxx_g=yes
ac_cv_prog_make_make_set=yes
am_cv_CC_dependencies_compiler_type=gcc3
am_cv_CXX_dependencies_compiler_type=gcc3

## ----------------- ##
## Output variables. ##
## ----------------- ##

ACLOCAL='${SHELL} /home/fwinter/git/chroma/config/missing --run aclocal-1.11'
AMDEPBACKSLASH='\'
AMDEP_FALSE='#'
AMDEP_TRUE=''
AMTAR='${SHELL} /home/fwinter/git/chroma/config/missing --run tar'
AR='ar'
AUTOCONF='${SHELL} /home/fwinter/git/chroma/config/missing --run autoconf'
AUTOHEADER='${SHELL} /home/fwinter/git/chroma/config/missing --run autoheader'
AUTOMAKE='${SHELL} /home/fwinter/git/chroma/config/missing --run automake-1.11'
AWK='mawk'
BAGEL_CLOVER_CONFIG=''
BAGEL_CLOVER_CXXFLAGS=''
BAGEL_CLOVER_DSLASH_CXXFLAGS=''
BAGEL_CLOVER_DSLASH_LDFLAGS=''
BAGEL_CLOVER_DSLASH_LIBS=''
BAGEL_CLOVER_LDFLAGS=''
BAGEL_CLOVER_LIBS=''
BAGEL_WILSON_DSLASH_CONFIG=''
BAGEL_WILSON_DSLASH_CXXFLAGS=''
BAGEL_WILSON_DSLASH_LDFLAGS=''
BAGEL_WILSON_DSLASH_LIBS=''
BUILD_ASQTAD_LEVEL3_INVERTER_WRAPPER_FALSE=''
BUILD_ASQTAD_LEVEL3_INVERTER_WRAPPER_TRUE='#'
BUILD_BAGEL_CLOVER_APPLY_FALSE=''
BUILD_BAGEL_CLOVER_APPLY_TRUE='#'
BUILD_CG_DWF_ALTIVEC_FALSE=''
BUILD_CG_DWF_ALTIVEC_TRUE='#'
BUILD_CG_DWF_BLUELIGHT_FALSE=''
BUILD_CG_DWF_BLUELIGHT_TRUE='#'
BUILD_CG_DWF_FALSE=''
BUILD_CG_DWF_SSE_FALSE=''
BUILD_CG_DWF_SSE_TRUE='#'
BUILD_CG_DWF_TRUE='#'
BUILD_CPP_WILSON_DSLASH_FALSE=''
BUILD_CPP_WILSON_DSLASH_TRUE='#'
BUILD_GMP_REMEZ_FALSE=''
BUILD_GMP_REMEZ_TRUE='#'
BUILD_LAPACK_FALSE=''
BUILD_LAPACK_TRUE='#'
BUILD_MDWF_FALSE=''
BUILD_MDWF_TRUE='#'
BUILD_OPT_CFZ_LINOP_FALSE=''
BUILD_OPT_CFZ_LINOP_TRUE='#'
BUILD_OPT_EIGCG_FALSE=''
BUILD_OPT_EIGCG_TRUE='#'
BUILD_PAB_WILSON_DSLASH_FALSE=''
BUILD_PAB_WILSON_DSLASH_TRUE='#'
BUILD_QMT_FALSE=''
BUILD_QMT_TRUE='#'
BUILD_QUDA_0_2_FALSE=''
BUILD_QUDA_0_2_TRUE='#'
BUILD_QUDA_0_3_FALSE='#'
BUILD_QUDA_0_3_TRUE=''
BUILD_SCALARSITE_BICGSTAB_FALSE='#'
BUILD_SCALARSITE_BICGSTAB_TRUE=''
BUILD_SSED_CLOVER_APPLY_FALSE=''
BUILD_SSED_CLOVER_APPLY_TRUE='#'
BUILD_SSE_WILSON_DSLASH_FALSE=''
BUILD_SSE_WILSON_DSLASH_TRUE='#'
CC='gcc'
CCDEPMODE='depmode=gcc3'
CFLAGS='-g -O2'
CG_DWF_DIR=''
CG_DWF_ENABLED=''
CPPFLAGS=''
CPP_DSLASH_DIR=''
CPP_DSLASH_ENABLED='no'
CXX='g++'
CXXDEPMODE='depmode=gcc3'
CXXFLAGS='-O3'
CYGPATH_W='echo'
DEFS='-DHAVE_CONFIG_H'
DEPDIR='.deps'
DOXYGEN='true'
DVIPDF='dvipdf'
DVIPS='dvips'
ECHO_C=''
ECHO_N='-n'
ECHO_T=''
EXEEXT=''
GMP_CXXFLAGS=''
GMP_LDFLAGS=''
GMP_LIBS=''
INSTALL_DATA='${INSTALL} -m 644'
INSTALL_PROGRAM='${INSTALL}'
INSTALL_SCRIPT='${INSTALL}'
INSTALL_STRIP_PROGRAM='$(install_sh) -c -s'
LAPACK_ENABLED='no'
LATEX='latex'
LDFLAGS=''
LIBOBJS=''
LIBS=''
LTLIBOBJS=''
MAKEINFO='${SHELL} /home/fwinter/git/chroma/config/missing --run makeinfo'
MDWF_CONFIG=''
MDWF_CXXFLAGS=''
MDWF_ENABLED=''
MDWF_LDFLAGS=''
MDWF_LIBS=''
MKDIR_P='/bin/mkdir -p'
OBJEXT='o'
OPT_EIGCG_ENABLED='no'
PACKAGE='chroma'
PACKAGE_BUGREPORT='edwards@jlab.org'
PACKAGE_NAME='chroma'
PACKAGE_STRING='chroma 3.40.0'
PACKAGE_TARNAME='chroma'
PACKAGE_URL=''
PACKAGE_VERSION='3.40.0'
PATH_SEPARATOR=':'
QDPC_DIR=''
QDPXX_CONFIG='/home/fwinter/toolchain/install/qdp++-quda-accel-generic-devel-scalar-single/bin/qdp++-config'
QDPXX_CXXFLAGS='-O3 -I/home/fwinter/toolchain/install/qdp++-quda-accel-generic-devel-scalar-single/include -I/usr/include/libxml2'
QDPXX_LDFLAGS='-L/home/fwinter/toolchain/install/qdp++-quda-accel-generic-devel-scalar-single/lib -L/opt/cuda4/lib64'
QDPXX_LIBS='-lqdp -lXPathReader -lxmlWriter -lqio -lqmem -llime -lxml2 -lcudart -lfiledb -lfilehash'
QDPXX_NC='3'
QDPXX_ND='4'
QDPXX_NS='4'
QDPXX_PARALLEL_ARCH='scalar'
QDPXX_PRECISION='single'
QDP_LAPACK_DIR='qdp-lapack'
QMT_CXXFLAGS=''
QMT_LDFLAGS=''
QMT_LIBS=''
QUDA_0_2_CXXFLAGS=''
QUDA_0_2_LDFLAGS=''
QUDA_0_2_LIBS=''
QUDA_0_3_CXXFLAGS='-I/home/fwinter/git/quda/include -I/opt/cuda4/include'
QUDA_0_3_LDFLAGS='-L/opt/cuda4/lib64 -L/home/fwinter/git/quda/lib'
QUDA_0_3_LIBS='-lquda -lcudart'
RANLIB='ranlib'
SET_MAKE=''
SHELL='/bin/bash'
SSE_DSLASH_DIR=''
SSE_DSLASH_ENABLED='no'
STRIP=''
VERSION='3.40.0'
XMLDIFF='xmldiff'
ac_ct_CC='gcc'
ac_ct_CXX=''
am__EXEEXT_FALSE=''
am__EXEEXT_TRUE='#'
am__fastdepCC_FALSE='#'
am__fastdepCC_TRUE=''
am__fastdepCXX_FALSE='#'
am__fastdepCXX_TRUE=''
am__include='include'
am__isrc=' -I$(srcdir)'
am__leading_dot='.'
am__quote=''
am__tar='${AMTAR} chof - "$$tardir"'
am__untar='${AMTAR} xf -'
bindir='${exec_prefix}/bin'
build='x86_64-unknown-linux-gnu'
build_alias=''
build_cpu='x86_64'
build_os='linux-gnu'
build_vendor='unknown'
datadir='${datarootdir}'
datarootdir='${prefix}/share'
docdir='${datarootdir}/doc/${PACKAGE_TARNAME}'
dvidir='${docdir}'
exec_prefix='${prefix}'
host='x86_64-unknown-linux-gnu'
host_alias=''
host_cpu='x86_64'
host_os='linux-gnu'
host_vendor='unknown'
htmldir='${docdir}'
includedir='${prefix}/include'
infodir='${datarootdir}/info'
install_sh='${SHELL} /home/fwinter/git/chroma/config/install-sh'
libdir='${exec_prefix}/lib'
libexecdir='${exec_prefix}/libexec'
localedir='${datarootdir}/locale'
localstatedir='${prefix}/var'
mandir='${datarootdir}/man'
mkdir_p='/bin/mkdir -p'
oldincludedir='/usr/include'
pdfdir='${docdir}'
prefix='/home/fwinter/toolchain/install/chroma-quda-accel-generic-devel-scalar-single'
program_transform_name='s,x,x,'
psdir='${docdir}'
sbindir='${exec_prefix}/sbin'
sharedstatedir='${prefix}/com'
subdirs=' other_libs/qdp-lapack'
sysconfdir='${prefix}/etc'
target_alias=''

## ----------- ##
## confdefs.h. ##
## ----------- ##

/* confdefs.h */
#define PACKAGE_NAME "chroma"
#define PACKAGE_TARNAME "chroma"
#define PACKAGE_VERSION "3.40.0"
#define PACKAGE_STRING "chroma 3.40.0"
#define PACKAGE_BUGREPORT "edwards@jlab.org"
#define PACKAGE_URL ""
#define PACKAGE "chroma"
#define VERSION "3.40.0"
#define BUILD_QUDA_0_3 /**/

configure: exit 0
